<?xml version="1.0" encoding="UTF-8"?>
<testng-results ignored="0" total="3" passed="3" failed="0" skipped="0">
  <reporter-output>
  </reporter-output>
  <suite started-at="2024-10-08T10:02:35 IST" name="Suite" finished-at="2024-10-08T10:03:10 IST" duration-ms="34943">
    <groups>
    </groups>
    <test started-at="2024-10-08T10:02:35 IST" name="Test" finished-at="2024-10-08T10:03:10 IST" duration-ms="34943">
      <class name="Test.HomePageTest">
        <test-method is-config="true" signature="initSetup(java.lang.String,java.lang.String)[pri:0, instance:Test.HomePageTest@12aba8be]" started-at="2024-10-08T10:02:13 IST" name="initSetup" finished-at="2024-10-08T10:02:35 IST" duration-ms="22201" status="PASS">
          <params>
            <param index="0">
              <value>
                <![CDATA[chrome]]>
              </value>
            </param>
            <param index="1">
              <value>
                <![CDATA[https://pharmeasy.in/]]>
              </value>
            </param>
          </params>
          <reporter-output>
          </reporter-output>
        </test-method> <!-- initSetup -->
        <test-method is-config="true" signature="initObj()[pri:0, instance:Test.HomePageTest@12aba8be]" started-at="2024-10-08T10:02:36 IST" name="initObj" finished-at="2024-10-08T10:02:37 IST" duration-ms="1400" status="PASS">
          <reporter-output>
          </reporter-output>
        </test-method> <!-- initObj -->
        <test-method signature="urlTest()[pri:0, instance:Test.HomePageTest@12aba8be]" started-at="2024-10-08T10:02:38 IST" name="urlTest" finished-at="2024-10-08T10:02:42 IST" duration-ms="4498" status="PASS">
          <reporter-output>
          </reporter-output>
        </test-method> <!-- urlTest -->
        <test-method signature="logoTest()[pri:1, instance:Test.HomePageTest@12aba8be]" started-at="2024-10-08T10:02:42 IST" name="logoTest" finished-at="2024-10-08T10:02:51 IST" duration-ms="9185" status="PASS">
          <reporter-output>
          </reporter-output>
        </test-method> <!-- logoTest -->
        <test-method signature="pageHeader()[pri:2, instance:Test.HomePageTest@12aba8be]" started-at="2024-10-08T10:02:52 IST" name="pageHeader" finished-at="2024-10-08T10:03:10 IST" duration-ms="18739" status="PASS">
          <reporter-output>
          </reporter-output>
        </test-method> <!-- pageHeader -->
      </class> <!-- Test.HomePageTest -->
    </test> <!-- Test -->
  </suite> <!-- Suite -->
</testng-results>
